2017-06-20T09:51:34+00:00 INFO Queuing 2.5.0 - wc_update_250_currency
2017-06-20T09:51:34+00:00 INFO Queuing 2.5.0 - wc_update_250_db_version
2017-06-20T09:51:34+00:00 INFO Queuing 2.6.0 - wc_update_260_options
2017-06-20T09:51:34+00:00 INFO Queuing 2.6.0 - wc_update_260_termmeta
2017-06-20T09:51:34+00:00 INFO Queuing 2.6.0 - wc_update_260_zones
2017-06-20T09:51:34+00:00 INFO Queuing 2.6.0 - wc_update_260_zone_methods
2017-06-20T09:51:34+00:00 INFO Queuing 2.6.0 - wc_update_260_refunds
2017-06-20T09:51:34+00:00 INFO Queuing 2.6.0 - wc_update_260_db_version
2017-06-20T09:51:34+00:00 INFO Queuing 3.0.0 - wc_update_300_webhooks
2017-06-20T09:51:34+00:00 INFO Queuing 3.0.0 - wc_update_300_grouped_products
2017-06-20T09:51:34+00:00 INFO Queuing 3.0.0 - wc_update_300_settings
2017-06-20T09:51:34+00:00 INFO Queuing 3.0.0 - wc_update_300_product_visibility
2017-06-20T09:51:34+00:00 INFO Queuing 3.0.0 - wc_update_300_db_version
2017-06-20T09:51:35+00:00 INFO Running wc_update_250_currency callback
2017-06-20T09:51:35+00:00 INFO Finished wc_update_250_currency callback
2017-06-20T09:51:35+00:00 INFO Running wc_update_250_db_version callback
2017-06-20T09:51:35+00:00 INFO Finished wc_update_250_db_version callback
2017-06-20T09:51:35+00:00 INFO Running wc_update_260_options callback
2017-06-20T09:51:35+00:00 INFO Finished wc_update_260_options callback
2017-06-20T09:51:35+00:00 INFO Running wc_update_260_termmeta callback
2017-06-20T09:51:36+00:00 INFO Finished wc_update_260_termmeta callback
2017-06-20T09:51:36+00:00 INFO Running wc_update_260_zones callback
2017-06-20T09:51:36+00:00 INFO Finished wc_update_260_zones callback
2017-06-20T09:51:36+00:00 INFO Running wc_update_260_zone_methods callback
2017-06-20T09:51:36+00:00 INFO Finished wc_update_260_zone_methods callback
2017-06-20T09:51:36+00:00 INFO Running wc_update_260_refunds callback
2017-06-20T09:51:36+00:00 INFO Finished wc_update_260_refunds callback
2017-06-20T09:51:36+00:00 INFO Running wc_update_260_db_version callback
2017-06-20T09:51:36+00:00 INFO Finished wc_update_260_db_version callback
2017-06-20T09:51:36+00:00 INFO Running wc_update_300_webhooks callback
2017-06-20T09:51:36+00:00 INFO Finished wc_update_300_webhooks callback
2017-06-20T09:51:36+00:00 INFO Running wc_update_300_grouped_products callback
2017-06-20T09:51:36+00:00 INFO Finished wc_update_300_grouped_products callback
2017-06-20T09:51:36+00:00 INFO Running wc_update_300_settings callback
2017-06-20T09:51:36+00:00 INFO Finished wc_update_300_settings callback
2017-06-20T09:51:36+00:00 INFO Running wc_update_300_product_visibility callback
2017-06-20T09:51:36+00:00 INFO Finished wc_update_300_product_visibility callback
2017-06-20T09:51:36+00:00 INFO Running wc_update_300_db_version callback
2017-06-20T09:51:37+00:00 INFO Finished wc_update_300_db_version callback
2017-06-20T09:51:37+00:00 INFO Data update complete
